Error this episode 3188.521228
Iteration 0, best error = 3188.52122759
Error this episode 3188.662369
Error this episode 1858.140533
Controller was - 0, sum = 6.1, [1.1, 1, 1, 1, 1, 1]
Error this episode 1858.239034
Error this episode 1858.292842
Controller was - 1, sum = 6.0, [1.1, 0.9, 1, 1, 1, 1]
Error this episode 1862.157652
Error this episode 1866.414626
Controller was - 2, sum = 5.9, [1.1, 0.9, 0.9, 1, 1, 1]
Error this episode 1858.173047
Error this episode 1858.146838
Controller was - 3, sum = 5.8, [1.1, 0.9, 0.9, 0.9, 1, 1]
Error this episode 1858.306879
Error this episode 1858.146823
Controller was - 4, sum = 5.7, [1.1, 0.9, 0.9, 0.9, 0.9, 1]
Error this episode 1861.458223
Error this episode 1862.128418
Controller was - 5, sum = 5.6, [1.1, 0.9, 0.9, 0.9, 0.9, 0.9]
Iteration 1, best error = 1858.14053272
Error this episode 1858.405169
Error this episode 1858.511357
Controller was - 0, sum = 5.49, [0.9900000000000001, 0.9, 0.9, 0.9, 0.9, 0.9]
Error this episode 1859.520065
Error this episode 1858.229295
Controller was - 1, sum = 5.4, [0.9900000000000001, 0.81, 0.9, 0.9, 0.9, 0.9]
Error this episode 1858.717864
Error this episode 1861.577688
Controller was - 2, sum = 5.31, [0.9900000000000001, 0.81, 0.81, 0.9, 0.9, 0.9]
Error this episode 1858.229544
Error this episode 1858.190525
Controller was - 3, sum = 5.22, [0.9900000000000001, 0.81, 0.81, 0.81, 0.9, 0.9]
Error this episode 1860.192953
Error this episode 1858.274571
Controller was - 4, sum = 5.13, [0.9900000000000001, 0.81, 0.81, 0.81, 0.81, 0.9]
Error this episode 1858.940217
Error this episode 1859.859576
Controller was - 5, sum = 5.04, [0.9900000000000001, 0.81, 0.81, 0.81, 0.81, 0.81]
Iteration 2, best error = 1858.14053272
Error this episode 1858.218468
Error this episode 1337.991732
Controller was - 0, sum = 5.139, [1.0890000000000002, 0.81, 0.81, 0.81, 0.81, 0.81]
Error this episode 1339.407192
Error this episode 1338.073323
Controller was - 1, sum = 5.058, [1.0890000000000002, 0.7290000000000001, 0.81, 0.81, 0.81, 0.81]
Error this episode 1341.169001
Error this episode 1341.438288
Controller was - 2, sum = 4.977, [1.0890000000000002, 0.7290000000000001, 0.7290000000000001, 0.81, 0.81, 0.81]
Error this episode 1338.033462
Error this episode 1338.202758
Controller was - 3, sum = 4.896, [1.0890000000000002, 0.7290000000000001, 0.7290000000000001, 0.7290000000000001, 0.81, 0.81]
Error this episode 1338.414572
Error this episode 1338.014234
Controller was - 4, sum = 4.815, [1.0890000000000002, 0.7290000000000001, 0.7290000000000001, 0.7290000000000001, 0.7290000000000001, 0.81]
Error this episode 1337.995531
Error this episode 1339.043732
Controller was - 5, sum = 4.734, [1.0890000000000002, 0.7290000000000001, 0.7290000000000001, 0.7290000000000001, 0.7290000000000001, 0.7290000000000001]
Iteration 3, best error = 1337.99173185
Error this episode 1338.310575
Error this episode 1338.086220
Controller was - 0, sum = 4.6251, [0.9801000000000002, 0.7290000000000001, 0.7290000000000001, 0.7290000000000001, 0.7290000000000001, 0.7290000000000001]
Error this episode 1582.288211
Error this episode 1337.992867
Controller was - 1, sum = 4.5522, [0.9801000000000002, 0.6561000000000001, 0.7290000000000001, 0.7290000000000001, 0.7290000000000001, 0.7290000000000001]
Error this episode 1343.172119
Error this episode 1338.731733
Controller was - 2, sum = 4.4793, [0.9801000000000002, 0.6561000000000001, 0.6561000000000001, 0.7290000000000001, 0.7290000000000001, 0.7290000000000001]
Error this episode 1338.341050
Error this episode 1338.246873
Controller was - 3, sum = 4.4064, [0.9801000000000002, 0.6561000000000001, 0.6561000000000001, 0.6561000000000001, 0.7290000000000001, 0.7290000000000001]
Error this episode 1338.747929
Error this episode 1338.003283
Controller was - 4, sum = 4.3335, [0.9801000000000002, 0.6561000000000001, 0.6561000000000001, 0.6561000000000001, 0.6561000000000001, 0.7290000000000001]
Error this episode 1338.627387
Error this episode 1338.208612
Controller was - 5, sum = 4.2606, [0.9801000000000002, 0.6561000000000001, 0.6561000000000001, 0.6561000000000001, 0.6561000000000001, 0.6561000000000001]
Iteration 4, best error = 1337.99173185
Error this episode 1338.035317
Error this episode 1338.000951
Controller was - 0, sum = 4.16259, [0.8820900000000002, 0.6561000000000001, 0.6561000000000001, 0.6561000000000001, 0.6561000000000001, 0.6561000000000001]
Error this episode 1343.871150
Error this episode 1338.076626
Controller was - 1, sum = 4.09698, [0.8820900000000002, 0.5904900000000002, 0.6561000000000001, 0.6561000000000001, 0.6561000000000001, 0.6561000000000001]
Error this episode 1583.418122
Error this episode 1339.168143
Controller was - 2, sum = 4.03137, [0.8820900000000002, 0.5904900000000002, 0.5904900000000002, 0.6561000000000001, 0.6561000000000001, 0.6561000000000001]
Error this episode 1338.029635
Error this episode 1338.072078
Controller was - 3, sum = 3.96576, [0.8820900000000002, 0.5904900000000002, 0.5904900000000002, 0.5904900000000002, 0.6561000000000001, 0.6561000000000001]
Error this episode 1338.915962
Error this episode 1338.285568
Controller was - 4, sum = 3.90015, [0.8820900000000002, 0.5904900000000002, 0.5904900000000002, 0.5904900000000002, 0.5904900000000002, 0.6561000000000001]
Error this episode 1342.303038
Error this episode 1339.933048
Controller was - 5, sum = 3.83454, [0.8820900000000002, 0.5904900000000002, 0.5904900000000002, 0.5904900000000002, 0.5904900000000002, 0.5904900000000002]
Iteration 5, best error = 1337.99173185
Error this episode 1338.048813
Error this episode 1338.112473
Controller was - 0, sum = 3.746331, [0.7938810000000002, 0.5904900000000002, 0.5904900000000002, 0.5904900000000002, 0.5904900000000002, 0.5904900000000002]
Error this episode 1339.158465
Error this episode 1338.089206
Controller was - 1, sum = 3.687282, [0.7938810000000002, 0.5314410000000002, 0.5904900000000002, 0.5904900000000002, 0.5904900000000002, 0.5904900000000002]
Error this episode 1338.825305
Error this episode 1338.243607
Controller was - 2, sum = 3.628233, [0.7938810000000002, 0.5314410000000002, 0.5314410000000002, 0.5904900000000002, 0.5904900000000002, 0.5904900000000002]
Error this episode 1338.044424
Error this episode 1338.039741
Controller was - 3, sum = 3.569184, [0.7938810000000002, 0.5314410000000002, 0.5314410000000002, 0.5314410000000002, 0.5904900000000002, 0.5904900000000002]
Error this episode 1339.456236
Error this episode 1338.027948
Controller was - 4, sum = 3.510135, [0.7938810000000002, 0.5314410000000002, 0.5314410000000002, 0.5314410000000002, 0.5314410000000002, 0.5904900000000002]
Error this episode 1341.778905
Error this episode 1338.328968
Controller was - 5, sum = 3.451086, [0.7938810000000002, 0.5314410000000002, 0.5314410000000002, 0.5314410000000002, 0.5314410000000002, 0.5314410000000002]
Iteration 6, best error = 1337.99173185
Error this episode 1338.277277
Error this episode 1337.994521
Controller was - 0, sum = 3.3716979, [0.7144929000000002, 0.5314410000000002, 0.5314410000000002, 0.5314410000000002, 0.5314410000000002, 0.5314410000000002]
Error this episode 1339.922215
Error this episode 1338.743534
Controller was - 1, sum = 3.3185538, [0.7144929000000002, 0.47829690000000014, 0.5314410000000002, 0.5314410000000002, 0.5314410000000002, 0.5314410000000002]
Error this episode 1342.383602
Error this episode 1340.117807
Controller was - 2, sum = 3.2654097, [0.7144929000000002, 0.47829690000000014, 0.47829690000000014, 0.5314410000000002, 0.5314410000000002, 0.5314410000000002]
Error this episode 1338.034255
Error this episode 1138.389506
Controller was - 3, sum = 3.3185538, [0.7144929000000002, 0.47829690000000014, 0.47829690000000014, 0.5845851000000002, 0.5314410000000002, 0.5314410000000002]
Error this episode 1139.591651
Error this episode 1138.656192
Controller was - 4, sum = 3.2654097, [0.7144929000000002, 0.47829690000000014, 0.47829690000000014, 0.5845851000000002, 0.47829690000000014, 0.5314410000000002]
Error this episode 1140.302481
Error this episode 1139.186989
Controller was - 5, sum = 3.2122656, [0.7144929000000002, 0.47829690000000014, 0.47829690000000014, 0.5845851000000002, 0.47829690000000014, 0.47829690000000014]
Iteration 7, best error = 1138.38950622
Error this episode 1138.394741
Error this episode 1138.474130
Controller was - 0, sum = 3.14081631, [0.6430436100000002, 0.47829690000000014, 0.47829690000000014, 0.5845851000000002, 0.47829690000000014, 0.47829690000000014]
Error this episode 1139.378225
Error this episode 1138.594488
Controller was - 1, sum = 3.09298662, [0.6430436100000002, 0.43046721000000016, 0.47829690000000014, 0.5845851000000002, 0.47829690000000014, 0.47829690000000014]
Error this episode 1139.316030
Error this episode 1141.476818
Controller was - 2, sum = 3.04515693, [0.6430436100000002, 0.43046721000000016, 0.43046721000000016, 0.5845851000000002, 0.47829690000000014, 0.47829690000000014]
Error this episode 1138.399191
Error this episode 1138.432650
Controller was - 3, sum = 2.98669842, [0.6430436100000002, 0.43046721000000016, 0.43046721000000016, 0.5261265900000002, 0.47829690000000014, 0.47829690000000014]
Error this episode 1138.627559
Error this episode 1138.485864
Controller was - 4, sum = 2.93886873, [0.6430436100000002, 0.43046721000000016, 0.43046721000000016, 0.5261265900000002, 0.43046721000000016, 0.47829690000000014]
Error this episode 1138.536998
Error this episode 1139.163931
Controller was - 5, sum = 2.89103904, [0.6430436100000002, 0.43046721000000016, 0.43046721000000016, 0.5261265900000002, 0.43046721000000016, 0.43046721000000016]
Iteration 8, best error = 1138.38950622
Error this episode 1138.445597
Error this episode 1138.392531
Controller was - 0, sum = 2.826734679, [0.5787392490000002, 0.43046721000000016, 0.43046721000000016, 0.5261265900000002, 0.43046721000000016, 0.43046721000000016]
Error this episode 1138.523675
Error this episode 382.251034
Controller was - 1, sum = 2.8697814, [0.5787392490000002, 0.4735139310000002, 0.43046721000000016, 0.5261265900000002, 0.43046721000000016, 0.43046721000000016]
Error this episode 383.963646
Error this episode 383.490433
Controller was - 2, sum = 2.826734679, [0.5787392490000002, 0.4735139310000002, 0.38742048900000015, 0.5261265900000002, 0.43046721000000016, 0.43046721000000016]
Error this episode 382.379199
Error this episode 382.251418
Controller was - 3, sum = 2.77412202, [0.5787392490000002, 0.4735139310000002, 0.38742048900000015, 0.47351393100000017, 0.43046721000000016, 0.43046721000000016]
Error this episode 382.284402
Error this episode 382.261870
Controller was - 4, sum = 2.731075299, [0.5787392490000002, 0.4735139310000002, 0.38742048900000015, 0.47351393100000017, 0.38742048900000015, 0.43046721000000016]
Error this episode 382.732106
Error this episode 554.779721
Controller was - 5, sum = 2.688028578, [0.5787392490000002, 0.4735139310000002, 0.38742048900000015, 0.47351393100000017, 0.38742048900000015, 0.38742048900000015]
Iteration 9, best error = 382.251033869
Error this episode 382.262632
Error this episode 382.339325
Controller was - 0, sum = 2.6301546531, [0.5208653241000002, 0.4735139310000002, 0.38742048900000015, 0.47351393100000017, 0.38742048900000015, 0.38742048900000015]
Error this episode 382.297351
Error this episode 382.357701
Controller was - 1, sum = 2.58280326, [0.5208653241000002, 0.4261625379000002, 0.38742048900000015, 0.47351393100000017, 0.38742048900000015, 0.38742048900000015]
Error this episode 382.295885
Error this episode 383.019179
Controller was - 2, sum = 2.5440612111, [0.5208653241000002, 0.4261625379000002, 0.34867844010000015, 0.47351393100000017, 0.38742048900000015, 0.38742048900000015]
Error this episode 382.501886
Error this episode 382.272864
Controller was - 3, sum = 2.496709818, [0.5208653241000002, 0.4261625379000002, 0.34867844010000015, 0.42616253790000014, 0.38742048900000015, 0.38742048900000015]
Error this episode 382.266443
Error this episode 382.260379
Controller was - 4, sum = 2.4579677691, [0.5208653241000002, 0.4261625379000002, 0.34867844010000015, 0.42616253790000014, 0.34867844010000015, 0.38742048900000015]
Error this episode 383.389532
Error this episode 649.378282
Controller was - 5, sum = 2.4192257202, [0.5208653241000002, 0.4261625379000002, 0.34867844010000015, 0.42616253790000014, 0.34867844010000015, 0.34867844010000015]
Iteration 10, best error = 382.251033869
Error this episode 382.253003
Error this episode 382.320830
Controller was - 0, sum = 2.36713918779, [0.4687787916900002, 0.4261625379000002, 0.34867844010000015, 0.42616253790000014, 0.34867844010000015, 0.34867844010000015]
Error this episode 382.361972
Error this episode 382.571856
Controller was - 1, sum = 2.324522934, [0.4687787916900002, 0.3835462841100002, 0.34867844010000015, 0.42616253790000014, 0.34867844010000015, 0.34867844010000015]
Error this episode 382.873459
Error this episode 383.505451
Controller was - 2, sum = 2.28965508999, [0.4687787916900002, 0.3835462841100002, 0.31381059609000017, 0.42616253790000014, 0.34867844010000015, 0.34867844010000015]
Error this episode 382.257450
Error this episode 382.268382
Controller was - 3, sum = 2.2470388362, [0.4687787916900002, 0.3835462841100002, 0.31381059609000017, 0.38354628411000014, 0.34867844010000015, 0.34867844010000015]
Error this episode 382.269782
Error this episode 382.281621
Controller was - 4, sum = 2.21217099219, [0.4687787916900002, 0.3835462841100002, 0.31381059609000017, 0.38354628411000014, 0.31381059609000017, 0.34867844010000015]
Error this episode 382.667929
Error this episode 590.596287
Controller was - 5, sum = 2.17730314818, [0.4687787916900002, 0.3835462841100002, 0.31381059609000017, 0.38354628411000014, 0.31381059609000017, 0.31381059609000017]
Iteration 11, best error = 382.251033869
Error this episode 382.270896
Error this episode 382.256012
Controller was - 0, sum = 2.13042526901, [0.4219009125210002, 0.3835462841100002, 0.31381059609000017, 0.38354628411000014, 0.31381059609000017, 0.31381059609000017]
Error this episode 382.306803
Error this episode 382.309098
Controller was - 1, sum = 2.0920706406, [0.4219009125210002, 0.3451916556990002, 0.31381059609000017, 0.38354628411000014, 0.31381059609000017, 0.31381059609000017]
Error this episode 382.517980
Error this episode 382.788972
Controller was - 2, sum = 2.06068958099, [0.4219009125210002, 0.3451916556990002, 0.28242953648100017, 0.38354628411000014, 0.31381059609000017, 0.31381059609000017]
Error this episode 382.297103
Error this episode 382.399580
Controller was - 3, sum = 2.02233495258, [0.4219009125210002, 0.3451916556990002, 0.28242953648100017, 0.3451916556990001, 0.31381059609000017, 0.31381059609000017]
Error this episode 382.316360
Error this episode 382.257301
Controller was - 4, sum = 1.99095389297, [0.4219009125210002, 0.3451916556990002, 0.28242953648100017, 0.3451916556990001, 0.28242953648100017, 0.31381059609000017]
Error this episode 383.119482
Error this episode 382.636976
Controller was - 5, sum = 1.95957283336, [0.4219009125210002, 0.3451916556990002, 0.28242953648100017, 0.3451916556990001, 0.28242953648100017, 0.28242953648100017]
Iteration 12, best error = 382.251033869
Error this episode 382.263230
Error this episode 382.549547
Controller was - 0, sum = 1.91738274211, [0.3797108212689002, 0.3451916556990002, 0.28242953648100017, 0.3451916556990001, 0.28242953648100017, 0.28242953648100017]
Error this episode 382.263036
Error this episode 382.457977
Controller was - 1, sum = 1.88286357654, [0.3797108212689002, 0.31067249012910014, 0.28242953648100017, 0.3451916556990001, 0.28242953648100017, 0.28242953648100017]
Error this episode 382.832611
Error this episode 383.577309
Controller was - 2, sum = 1.85462062289, [0.3797108212689002, 0.31067249012910014, 0.25418658283290013, 0.3451916556990001, 0.28242953648100017, 0.28242953648100017]
Error this episode 382.289843
Error this episode 382.291928
Controller was - 3, sum = 1.82010145732, [0.3797108212689002, 0.31067249012910014, 0.25418658283290013, 0.31067249012910014, 0.28242953648100017, 0.28242953648100017]
Error this episode 382.271138
Error this episode 382.317225
Controller was - 4, sum = 1.79185850367, [0.3797108212689002, 0.31067249012910014, 0.25418658283290013, 0.31067249012910014, 0.25418658283290013, 0.28242953648100017]
Error this episode 383.200014
Error this episode 397.441946
Controller was - 5, sum = 1.76361555003, [0.3797108212689002, 0.31067249012910014, 0.25418658283290013, 0.31067249012910014, 0.25418658283290013, 0.25418658283290013]
Iteration 13, best error = 382.251033869
Error this episode 382.287791
Error this episode 382.304625
Controller was - 0, sum = 1.7256444679, [0.3417397391420102, 0.31067249012910014, 0.25418658283290013, 0.31067249012910014, 0.25418658283290013, 0.25418658283290013]
Error this episode 382.260119
Error this episode 382.280421
Controller was - 1, sum = 1.69457721889, [0.3417397391420102, 0.2796052411161901, 0.25418658283290013, 0.31067249012910014, 0.25418658283290013, 0.25418658283290013]
Error this episode 382.346973
Error this episode 383.002411
Controller was - 2, sum = 1.6691585606, [0.3417397391420102, 0.2796052411161901, 0.22876792454961012, 0.31067249012910014, 0.25418658283290013, 0.25418658283290013]
Error this episode 382.318911
Error this episode 382.253061
Controller was - 3, sum = 1.63809131159, [0.3417397391420102, 0.2796052411161901, 0.22876792454961012, 0.2796052411161901, 0.25418658283290013, 0.25418658283290013]
Error this episode 382.443890
Error this episode 382.264846
Controller was - 4, sum = 1.61267265331, [0.3417397391420102, 0.2796052411161901, 0.22876792454961012, 0.2796052411161901, 0.22876792454961012, 0.25418658283290013]
Error this episode 382.787359
Error this episode 642.117991
Controller was - 5, sum = 1.58725399502, [0.3417397391420102, 0.2796052411161901, 0.22876792454961012, 0.2796052411161901, 0.22876792454961012, 0.22876792454961012]
Iteration 14, best error = 382.251033869
Error this episode 382.260242
Error this episode 382.261852
Controller was - 0, sum = 1.55308002111, [0.3075657652278092, 0.2796052411161901, 0.22876792454961012, 0.2796052411161901, 0.22876792454961012, 0.22876792454961012]
Error this episode 382.321050
Error this episode 382.693989
Controller was - 1, sum = 1.525119497, [0.3075657652278092, 0.25164471700457114, 0.22876792454961012, 0.2796052411161901, 0.22876792454961012, 0.22876792454961012]
Error this episode 382.514754
Error this episode 383.163228
Controller was - 2, sum = 1.50224270454, [0.3075657652278092, 0.25164471700457114, 0.2058911320946491, 0.2796052411161901, 0.22876792454961012, 0.22876792454961012]
Error this episode 382.261952
Error this episode 382.542606
Controller was - 3, sum = 1.47428218043, [0.3075657652278092, 0.25164471700457114, 0.2058911320946491, 0.25164471700457114, 0.22876792454961012, 0.22876792454961012]
Error this episode 382.312797
Error this episode 382.436454
Controller was - 4, sum = 1.45140538798, [0.3075657652278092, 0.25164471700457114, 0.2058911320946491, 0.25164471700457114, 0.2058911320946491, 0.22876792454961012]
Error this episode 383.808589
Error this episode 387.270080
Controller was - 5, sum = 1.42852859552, [0.3075657652278092, 0.25164471700457114, 0.2058911320946491, 0.25164471700457114, 0.2058911320946491, 0.2058911320946491]
Iteration 15, best error = 382.251033869
Error this episode 382.305868
Error this episode 382.263679
Controller was - 0, sum = 1.397772019, [0.2768091887050283, 0.25164471700457114, 0.2058911320946491, 0.25164471700457114, 0.2058911320946491, 0.2058911320946491]
Error this episode 382.417759
Error this episode 382.263081
Controller was - 1, sum = 1.3726075473, [0.2768091887050283, 0.22648024530411404, 0.2058911320946491, 0.25164471700457114, 0.2058911320946491, 0.2058911320946491]
Error this episode 382.800025
Error this episode 382.255704
Controller was - 2, sum = 1.35201843409, [0.2768091887050283, 0.22648024530411404, 0.1853020188851842, 0.25164471700457114, 0.2058911320946491, 0.2058911320946491]
Error this episode 382.254916
Error this episode 382.331762
Controller was - 3, sum = 1.32685396239, [0.2768091887050283, 0.22648024530411404, 0.1853020188851842, 0.22648024530411404, 0.2058911320946491, 0.2058911320946491]
Error this episode 382.315131
Error this episode 382.339197
Controller was - 4, sum = 1.30626484918, [0.2768091887050283, 0.22648024530411404, 0.1853020188851842, 0.22648024530411404, 0.1853020188851842, 0.2058911320946491]
Error this episode 382.471084
Error this episode 382.568360
Controller was - 5, sum = 1.28567573597, [0.2768091887050283, 0.22648024530411404, 0.1853020188851842, 0.22648024530411404, 0.1853020188851842, 0.1853020188851842]
Iteration 16, best error = 382.251033869
Error this episode 382.271607
Error this episode 382.338852
Controller was - 0, sum = 1.2579948171, [0.24912826983452546, 0.22648024530411404, 0.1853020188851842, 0.22648024530411404, 0.1853020188851842, 0.1853020188851842]
Error this episode 382.254518
Error this episode 382.314691
Controller was - 1, sum = 1.23534679257, [0.24912826983452546, 0.20383222077370264, 0.1853020188851842, 0.22648024530411404, 0.1853020188851842, 0.1853020188851842]
Error this episode 382.410449
Error this episode 383.240651
Controller was - 2, sum = 1.21681659068, [0.24912826983452546, 0.20383222077370264, 0.16677181699666577, 0.22648024530411404, 0.1853020188851842, 0.1853020188851842]
Error this episode 382.367746
Error this episode 382.320984
Controller was - 3, sum = 1.19416856615, [0.24912826983452546, 0.20383222077370264, 0.16677181699666577, 0.20383222077370264, 0.1853020188851842, 0.1853020188851842]
Error this episode 382.301649
Error this episode 382.254771
Controller was - 4, sum = 1.17563836426, [0.24912826983452546, 0.20383222077370264, 0.16677181699666577, 0.20383222077370264, 0.16677181699666577, 0.1853020188851842]
Error this episode 384.034865
Error this episode 382.300841
Controller was - 5, sum = 1.15710816237, [0.24912826983452546, 0.20383222077370264, 0.16677181699666577, 0.20383222077370264, 0.16677181699666577, 0.16677181699666577]
Iteration 17, best error = 382.251033869
Error this episode 382.251345
Error this episode 382.269297
Controller was - 0, sum = 1.13219533539, [0.22421544285107292, 0.20383222077370264, 0.16677181699666577, 0.20383222077370264, 0.16677181699666577, 0.16677181699666577]
Error this episode 382.297989
Error this episode 382.513998
Controller was - 1, sum = 1.11181211331, [0.22421544285107292, 0.18344899869633238, 0.16677181699666577, 0.20383222077370264, 0.16677181699666577, 0.16677181699666577]
Error this episode 382.386941
Error this episode 383.023628
Controller was - 2, sum = 1.09513493161, [0.22421544285107292, 0.18344899869633238, 0.1500946352969992, 0.20383222077370264, 0.16677181699666577, 0.16677181699666577]
Error this episode 382.302581
Error this episode 382.257966
Controller was - 3, sum = 1.07475170953, [0.22421544285107292, 0.18344899869633238, 0.1500946352969992, 0.18344899869633238, 0.16677181699666577, 0.16677181699666577]
Error this episode 382.358229
Error this episode 382.371065
Controller was - 4, sum = 1.05807452783, [0.22421544285107292, 0.18344899869633238, 0.1500946352969992, 0.18344899869633238, 0.1500946352969992, 0.16677181699666577]
Error this episode 382.843309
Error this episode 382.514480
Controller was - 5, sum = 1.04139734613, [0.22421544285107292, 0.18344899869633238, 0.1500946352969992, 0.18344899869633238, 0.1500946352969992, 0.1500946352969992]
Iteration 18, best error = 382.251033869
Error this episode 382.258396
Error this episode 382.458019
Controller was - 0, sum = 1.01897580185, [0.20179389856596563, 0.18344899869633238, 0.1500946352969992, 0.18344899869633238, 0.1500946352969992, 0.1500946352969992]
Error this episode 382.445127
Error this episode 382.315773
Controller was - 1, sum = 1.00063090198, [0.20179389856596563, 0.16510409882669916, 0.1500946352969992, 0.18344899869633238, 0.1500946352969992, 0.1500946352969992]
Error this episode 382.310600
Error this episode 382.276964
Controller was - 2, sum = 0.98562143845, [0.20179389856596563, 0.16510409882669916, 0.13508517176729928, 0.18344899869633238, 0.1500946352969992, 0.1500946352969992]
Error this episode 382.311684
Error this episode 382.315667
Controller was - 3, sum = 0.967276538581, [0.20179389856596563, 0.16510409882669916, 0.13508517176729928, 0.16510409882669916, 0.1500946352969992, 0.1500946352969992]
Error this episode 382.360021
Error this episode 382.376058
Controller was - 4, sum = 0.952267075051, [0.20179389856596563, 0.16510409882669916, 0.13508517176729928, 0.16510409882669916, 0.13508517176729928, 0.1500946352969992]
Error this episode 382.901039
Error this episode 382.676207
Controller was - 5, sum = 0.937257611521, [0.20179389856596563, 0.16510409882669916, 0.13508517176729928, 0.16510409882669916, 0.13508517176729928, 0.13508517176729928]
Iteration 19, best error = 382.251033869
Error this episode 382.388553
Error this episode 382.278548
Controller was - 0, sum = 0.917078221665, [0.18161450870936907, 0.16510409882669916, 0.13508517176729928, 0.16510409882669916, 0.13508517176729928, 0.13508517176729928]
Error this episode 382.317520
Error this episode 382.313864
Controller was - 1, sum = 0.900567811782, [0.18161450870936907, 0.14859368894402925, 0.13508517176729928, 0.16510409882669916, 0.13508517176729928, 0.13508517176729928]
Error this episode 382.816486
Error this episode 382.648143
Controller was - 2, sum = 0.887059294605, [0.18161450870936907, 0.14859368894402925, 0.12157665459056936, 0.16510409882669916, 0.13508517176729928, 0.13508517176729928]
Error this episode 382.334353
Error this episode 382.281946
Controller was - 3, sum = 0.870548884723, [0.18161450870936907, 0.14859368894402925, 0.12157665459056936, 0.14859368894402925, 0.13508517176729928, 0.13508517176729928]
Error this episode 382.286749
Error this episode 382.253644
Controller was - 4, sum = 0.857040367546, [0.18161450870936907, 0.14859368894402925, 0.12157665459056936, 0.14859368894402925, 0.12157665459056936, 0.13508517176729928]
Error this episode 382.514043
Error this episode 382.895987
Controller was - 5, sum = 0.843531850369, [0.18161450870936907, 0.14859368894402925, 0.12157665459056936, 0.14859368894402925, 0.12157665459056936, 0.12157665459056936]
Iteration 20, best error = 382.251033869
Error this episode 382.313271
Error this episode 382.294301
Controller was - 0, sum = 0.825370399498, [0.16345305783843217, 0.14859368894402925, 0.12157665459056936, 0.14859368894402925, 0.12157665459056936, 0.12157665459056936]
Error this episode 382.275402
Error this episode 382.263668
Controller was - 1, sum = 0.810511030604, [0.16345305783843217, 0.13373432004962632, 0.12157665459056936, 0.14859368894402925, 0.12157665459056936, 0.12157665459056936]
Error this episode 382.786436
Error this episode 382.326319
Controller was - 2, sum = 0.798353365145, [0.16345305783843217, 0.13373432004962632, 0.10941898913151243, 0.14859368894402925, 0.12157665459056936, 0.12157665459056936]
Error this episode 382.258866
Error this episode 382.478770
Controller was - 3, sum = 0.78349399625, [0.16345305783843217, 0.13373432004962632, 0.10941898913151243, 0.13373432004962632, 0.12157665459056936, 0.12157665459056936]
Error this episode 382.255122
Error this episode 382.258885
Controller was - 4, sum = 0.771336330791, [0.16345305783843217, 0.13373432004962632, 0.10941898913151243, 0.13373432004962632, 0.10941898913151243, 0.12157665459056936]
Error this episode 382.759748
Error this episode 382.741475
Controller was - 5, sum = 0.759178665332, [0.16345305783843217, 0.13373432004962632, 0.10941898913151243, 0.13373432004962632, 0.10941898913151243, 0.10941898913151243]
Iteration 21, best error = 382.251033869
Error this episode 382.520947
Error this episode 382.292031
Controller was - 0, sum = 0.742833359548, [0.14710775205458895, 0.13373432004962632, 0.10941898913151243, 0.13373432004962632, 0.10941898913151243, 0.10941898913151243]
Error this episode 382.368615
Error this episode 382.325202
Controller was - 1, sum = 0.729459927543, [0.14710775205458895, 0.12036088804466369, 0.10941898913151243, 0.13373432004962632, 0.10941898913151243, 0.10941898913151243]
Error this episode 382.398142
Error this episode 382.313715
Controller was - 2, sum = 0.71851802863, [0.14710775205458895, 0.12036088804466369, 0.0984770902183612, 0.13373432004962632, 0.10941898913151243, 0.10941898913151243]
Error this episode 382.299369
Error this episode 382.292164
Controller was - 3, sum = 0.705144596625, [0.14710775205458895, 0.12036088804466369, 0.0984770902183612, 0.12036088804466369, 0.10941898913151243, 0.10941898913151243]
Error this episode 382.338045
Error this episode 382.253730
Controller was - 4, sum = 0.694202697712, [0.14710775205458895, 0.12036088804466369, 0.0984770902183612, 0.12036088804466369, 0.0984770902183612, 0.10941898913151243]
Error this episode 383.846921
Error this episode 383.079529
Controller was - 5, sum = 0.683260798799, [0.14710775205458895, 0.12036088804466369, 0.0984770902183612, 0.12036088804466369, 0.0984770902183612, 0.0984770902183612]
Iteration 22, best error = 382.251033869
Error this episode 382.378124
Error this episode 382.386619
Controller was - 0, sum = 0.668550023594, [0.13239697684913007, 0.12036088804466369, 0.0984770902183612, 0.12036088804466369, 0.0984770902183612, 0.0984770902183612]
Error this episode 382.268057
Error this episode 382.273545
Controller was - 1, sum = 0.656513934789, [0.13239697684913007, 0.10832479924019732, 0.0984770902183612, 0.12036088804466369, 0.0984770902183612, 0.0984770902183612]
Error this episode 382.258443
Error this episode 383.049493
Controller was - 2, sum = 0.646666225767, [0.13239697684913007, 0.10832479924019732, 0.08862938119652508, 0.12036088804466369, 0.0984770902183612, 0.0984770902183612]
Error this episode 382.317699
Error this episode 382.344974
Controller was - 3, sum = 0.634630136963, [0.13239697684913007, 0.10832479924019732, 0.08862938119652508, 0.10832479924019732, 0.0984770902183612, 0.0984770902183612]
Error this episode 382.251788
Error this episode 382.319841
Controller was - 4, sum = 0.624782427941, [0.13239697684913007, 0.10832479924019732, 0.08862938119652508, 0.10832479924019732, 0.08862938119652508, 0.0984770902183612]
Error this episode 383.294731
Error this episode 382.301262
Controller was - 5, sum = 0.614934718919, [0.13239697684913007, 0.10832479924019732, 0.08862938119652508, 0.10832479924019732, 0.08862938119652508, 0.08862938119652508]
Iteration 23, best error = 382.251033869
Error this episode 382.332474
Error this episode 382.283157
Controller was - 0, sum = 0.601695021234, [0.11915727916421706, 0.10832479924019732, 0.08862938119652508, 0.10832479924019732, 0.08862938119652508, 0.08862938119652508]
Error this episode 382.363908
Error this episode 382.327863
Controller was - 1, sum = 0.59086254131, [0.11915727916421706, 0.09749231931617759, 0.08862938119652508, 0.10832479924019732, 0.08862938119652508, 0.08862938119652508]
Error this episode 382.372149
Error this episode 383.003779
Controller was - 2, sum = 0.581999603191, [0.11915727916421706, 0.09749231931617759, 0.07976644307687257, 0.10832479924019732, 0.08862938119652508, 0.08862938119652508]
Error this episode 382.263227
Error this episode 382.395130
Controller was - 3, sum = 0.571167123266, [0.11915727916421706, 0.09749231931617759, 0.07976644307687257, 0.09749231931617759, 0.08862938119652508, 0.08862938119652508]
Error this episode 382.279436
Error this episode 382.316380
Controller was - 4, sum = 0.562304185147, [0.11915727916421706, 0.09749231931617759, 0.07976644307687257, 0.09749231931617759, 0.07976644307687257, 0.08862938119652508]
Error this episode 382.446674
Error this episode 382.538210
Controller was - 5, sum = 0.553441247027, [0.11915727916421706, 0.09749231931617759, 0.07976644307687257, 0.09749231931617759, 0.07976644307687257, 0.07976644307687257]
Iteration 24, best error = 382.251033869
Error this episode 382.278374
Error this episode 382.296643
Controller was - 0, sum = 0.541525519111, [0.10724155124779536, 0.09749231931617759, 0.07976644307687257, 0.09749231931617759, 0.07976644307687257, 0.07976644307687257]
Error this episode 382.284569
Error this episode 382.620031
Controller was - 1, sum = 0.531776287179, [0.10724155124779536, 0.08774308738455984, 0.07976644307687257, 0.09749231931617759, 0.07976644307687257, 0.07976644307687257]
Error this episode 382.280967
Error this episode 382.480889
Controller was - 2, sum = 0.523799642871, [0.10724155124779536, 0.08774308738455984, 0.07178979876918531, 0.09749231931617759, 0.07976644307687257, 0.07976644307687257]
Error this episode 382.325447
Error this episode 382.358589
Controller was - 3, sum = 0.51405041094, [0.10724155124779536, 0.08774308738455984, 0.07178979876918531, 0.08774308738455984, 0.07976644307687257, 0.07976644307687257]
Error this episode 382.291064
Error this episode 382.500989
Controller was - 4, sum = 0.506073766632, [0.10724155124779536, 0.08774308738455984, 0.07178979876918531, 0.08774308738455984, 0.07178979876918531, 0.07976644307687257]
Error this episode 383.160868
Error this episode 382.745548
Controller was - 5, sum = 0.498097122324, [0.10724155124779536, 0.08774308738455984, 0.07178979876918531, 0.08774308738455984, 0.07178979876918531, 0.07178979876918531]
Iteration 25, best error = 382.251033869
Error this episode 382.460253
Error this episode 382.303174
Controller was - 0, sum = 0.4873729672, [0.09651739612301583, 0.08774308738455984, 0.07178979876918531, 0.08774308738455984, 0.07178979876918531, 0.07178979876918531]
Error this episode 382.442892
Error this episode 382.384031
Controller was - 1, sum = 0.478598658461, [0.09651739612301583, 0.07896877864610385, 0.07178979876918531, 0.08774308738455984, 0.07178979876918531, 0.07178979876918531]
Error this episode 382.652393
Error this episode 382.542087
Controller was - 2, sum = 0.471419678584, [0.09651739612301583, 0.07896877864610385, 0.06461081889226679, 0.08774308738455984, 0.07178979876918531, 0.07178979876918531]
Error this episode 382.274065
Error this episode 382.325681
Controller was - 3, sum = 0.462645369846, [0.09651739612301583, 0.07896877864610385, 0.06461081889226679, 0.07896877864610385, 0.07178979876918531, 0.07178979876918531]
Error this episode 382.254437
Error this episode 382.266170
Controller was - 4, sum = 0.455466389969, [0.09651739612301583, 0.07896877864610385, 0.06461081889226679, 0.07896877864610385, 0.06461081889226679, 0.07178979876918531]
Error this episode 382.813745
Error this episode 382.353926
Controller was - 5, sum = 0.448287410092, [0.09651739612301583, 0.07896877864610385, 0.06461081889226679, 0.07896877864610385, 0.06461081889226679, 0.06461081889226679]
Iteration 26, best error = 382.251033869
Error this episode 382.303308
Error this episode 382.346985
Controller was - 0, sum = 0.43863567048, [0.08686565651071425, 0.07896877864610385, 0.06461081889226679, 0.07896877864610385, 0.06461081889226679, 0.06461081889226679]
Error this episode 382.322640
Error this episode 382.355962
Controller was - 1, sum = 0.430738792615, [0.08686565651071425, 0.07107190078149347, 0.06461081889226679, 0.07896877864610385, 0.06461081889226679, 0.06461081889226679]
Error this episode 382.312556
Error this episode 382.462290
Controller was - 2, sum = 0.424277710726, [0.08686565651071425, 0.07107190078149347, 0.05814973700304011, 0.07896877864610385, 0.06461081889226679, 0.06461081889226679]
Error this episode 382.268475
Error this episode 382.287407
Controller was - 3, sum = 0.416380832861, [0.08686565651071425, 0.07107190078149347, 0.05814973700304011, 0.07107190078149347, 0.06461081889226679, 0.06461081889226679]
Error this episode 382.408692
Error this episode 382.272823
Controller was - 4, sum = 0.409919750972, [0.08686565651071425, 0.07107190078149347, 0.05814973700304011, 0.07107190078149347, 0.05814973700304011, 0.06461081889226679]
Error this episode 382.304516
Error this episode 382.846836
Controller was - 5, sum = 0.403458669083, [0.08686565651071425, 0.07107190078149347, 0.05814973700304011, 0.07107190078149347, 0.05814973700304011, 0.05814973700304011]
Iteration 27, best error = 382.251033869
Error this episode 382.289453
Error this episode 382.334254
Controller was - 0, sum = 0.394772103432, [0.07817909085964282, 0.07107190078149347, 0.05814973700304011, 0.07107190078149347, 0.05814973700304011, 0.05814973700304011]
Error this episode 382.266414
Error this episode 382.261688
Controller was - 1, sum = 0.387664913354, [0.07817909085964282, 0.06396471070334413, 0.05814973700304011, 0.07107190078149347, 0.05814973700304011, 0.05814973700304011]
Error this episode 382.391998
Error this episode 382.259673
Controller was - 2, sum = 0.381849939653, [0.07817909085964282, 0.06396471070334413, 0.0523347633027361, 0.07107190078149347, 0.05814973700304011, 0.05814973700304011]
Error this episode 382.352101
Error this episode 382.687484
Controller was - 3, sum = 0.374742749575, [0.07817909085964282, 0.06396471070334413, 0.0523347633027361, 0.06396471070334413, 0.05814973700304011, 0.05814973700304011]
Error this episode 382.375915
Error this episode 382.274285
Controller was - 4, sum = 0.368927775875, [0.07817909085964282, 0.06396471070334413, 0.0523347633027361, 0.06396471070334413, 0.0523347633027361, 0.05814973700304011]
Error this episode 383.409664
Error this episode 382.920868
Controller was - 5, sum = 0.363112802175, [0.07817909085964282, 0.06396471070334413, 0.0523347633027361, 0.06396471070334413, 0.0523347633027361, 0.0523347633027361]
Iteration 28, best error = 382.251033869
Error this episode 382.284459
Error this episode 382.324107
Controller was - 0, sum = 0.355294893089, [0.07036118177367855, 0.06396471070334413, 0.0523347633027361, 0.06396471070334413, 0.0523347633027361, 0.0523347633027361]
Error this episode 382.323257
Error this episode 382.333734
Controller was - 1, sum = 0.348898422018, [0.07036118177367855, 0.057568239633009714, 0.0523347633027361, 0.06396471070334413, 0.0523347633027361, 0.0523347633027361]
Error this episode 382.281941
Error this episode 382.557615
Controller was - 2, sum = 0.343664945688, [0.07036118177367855, 0.057568239633009714, 0.04710128697246249, 0.06396471070334413, 0.0523347633027361, 0.0523347633027361]
Error this episode 382.315555
Error this episode 382.333485
Controller was - 3, sum = 0.337268474618, [0.07036118177367855, 0.057568239633009714, 0.04710128697246249, 0.057568239633009714, 0.0523347633027361, 0.0523347633027361]
Error this episode 382.404948
Error this episode 382.373121
Controller was - 4, sum = 0.332034998287, [0.07036118177367855, 0.057568239633009714, 0.04710128697246249, 0.057568239633009714, 0.04710128697246249, 0.0523347633027361]
Error this episode 383.104114
Error this episode 382.569875
Controller was - 5, sum = 0.326801521957, [0.07036118177367855, 0.057568239633009714, 0.04710128697246249, 0.057568239633009714, 0.04710128697246249, 0.04710128697246249]
Iteration 29, best error = 382.251033869
Error this episode 382.302296
Error this episode 382.254428
Controller was - 0, sum = 0.31976540378, [0.0633250635963107, 0.057568239633009714, 0.04710128697246249, 0.057568239633009714, 0.04710128697246249, 0.04710128697246249]
Error this episode 382.280327
Error this episode 382.412106
Controller was - 1, sum = 0.314008579816, [0.0633250635963107, 0.051811415669708746, 0.04710128697246249, 0.057568239633009714, 0.04710128697246249, 0.04710128697246249]
Error this episode 382.626141
Error this episode 382.415807
Controller was - 2, sum = 0.309298451119, [0.0633250635963107, 0.051811415669708746, 0.042391158275216244, 0.057568239633009714, 0.04710128697246249, 0.04710128697246249]
Error this episode 382.260437
Error this episode 382.348707
Controller was - 3, sum = 0.303541627156, [0.0633250635963107, 0.051811415669708746, 0.042391158275216244, 0.051811415669708746, 0.04710128697246249, 0.04710128697246249]
Error this episode 382.403799
Error this episode 382.310820
Controller was - 4, sum = 0.298831498459, [0.0633250635963107, 0.051811415669708746, 0.042391158275216244, 0.051811415669708746, 0.042391158275216244, 0.04710128697246249]
Error this episode 382.451567
Error this episode 382.643113
Controller was - 5, sum = 0.294121369761, [0.0633250635963107, 0.051811415669708746, 0.042391158275216244, 0.051811415669708746, 0.042391158275216244, 0.042391158275216244]
Iteration 30, best error = 382.251033869
Error this episode 382.283155
Error this episode 382.301997
Controller was - 0, sum = 0.287788863402, [0.05699255723667963, 0.051811415669708746, 0.042391158275216244, 0.051811415669708746, 0.042391158275216244, 0.042391158275216244]
Error this episode 382.306712
Error this episode 382.253146
Controller was - 1, sum = 0.282607721835, [0.05699255723667963, 0.04663027410273787, 0.042391158275216244, 0.051811415669708746, 0.042391158275216244, 0.042391158275216244]
Error this episode 382.381986
Error this episode 382.647714
Controller was - 2, sum = 0.278368606007, [0.05699255723667963, 0.04663027410273787, 0.03815204244769462, 0.051811415669708746, 0.042391158275216244, 0.042391158275216244]
Error this episode 382.255566
Error this episode 382.713665
Controller was - 3, sum = 0.27318746444, [0.05699255723667963, 0.04663027410273787, 0.03815204244769462, 0.04663027410273787, 0.042391158275216244, 0.042391158275216244]
Error this episode 382.289191
Error this episode 382.305281
Controller was - 4, sum = 0.268948348613, [0.05699255723667963, 0.04663027410273787, 0.03815204244769462, 0.04663027410273787, 0.03815204244769462, 0.042391158275216244]
Error this episode 382.295621
Error this episode 382.264098
Controller was - 5, sum = 0.264709232785, [0.05699255723667963, 0.04663027410273787, 0.03815204244769462, 0.04663027410273787, 0.03815204244769462, 0.03815204244769462]
Iteration 31, best error = 382.251033869
Error this episode 382.430566
Error this episode 382.333836
Controller was - 0, sum = 0.259009977062, [0.05129330151301167, 0.04663027410273787, 0.03815204244769462, 0.04663027410273787, 0.03815204244769462, 0.03815204244769462]
Error this episode 382.348406
Error this episode 382.496864
Controller was - 1, sum = 0.254346949651, [0.05129330151301167, 0.041967246692464086, 0.03815204244769462, 0.04663027410273787, 0.03815204244769462, 0.03815204244769462]
Error this episode 382.270186
Error this episode 382.541526
Controller was - 2, sum = 0.250531745407, [0.05129330151301167, 0.041967246692464086, 0.03433683820292516, 0.04663027410273787, 0.03815204244769462, 0.03815204244769462]
Error this episode 382.262456
Error this episode 382.365803
Controller was - 3, sum = 0.245868717996, [0.05129330151301167, 0.041967246692464086, 0.03433683820292516, 0.041967246692464086, 0.03815204244769462, 0.03815204244769462]
Error this episode 382.312615
Error this episode 382.338650
Controller was - 4, sum = 0.242053513751, [0.05129330151301167, 0.041967246692464086, 0.03433683820292516, 0.041967246692464086, 0.03433683820292516, 0.03815204244769462]
Error this episode 382.506801
Error this episode 382.935808
Controller was - 5, sum = 0.238238309507, [0.05129330151301167, 0.041967246692464086, 0.03433683820292516, 0.041967246692464086, 0.03433683820292516, 0.03433683820292516]
Iteration 32, best error = 382.251033869
Error this episode 382.413341
Error this episode 382.469908
Controller was - 0, sum = 0.233108979355, [0.0461639713617105, 0.041967246692464086, 0.03433683820292516, 0.041967246692464086, 0.03433683820292516, 0.03433683820292516]
Error this episode 382.276281
Error this episode 382.283541
Controller was - 1, sum = 0.228912254686, [0.0461639713617105, 0.03777052202321768, 0.03433683820292516, 0.041967246692464086, 0.03433683820292516, 0.03433683820292516]
Error this episode 382.259624
Error this episode 382.403606
Controller was - 2, sum = 0.225478570866, [0.0461639713617105, 0.03777052202321768, 0.030903154382632643, 0.041967246692464086, 0.03433683820292516, 0.03433683820292516]
Error this episode 382.325446
Error this episode 382.291087
Controller was - 3, sum = 0.221281846197, [0.0461639713617105, 0.03777052202321768, 0.030903154382632643, 0.03777052202321768, 0.03433683820292516, 0.03433683820292516]
Error this episode 382.279380
Error this episode 382.409121
Controller was - 4, sum = 0.217848162376, [0.0461639713617105, 0.03777052202321768, 0.030903154382632643, 0.03777052202321768, 0.030903154382632643, 0.03433683820292516]
Error this episode 382.292314
Error this episode 382.353901
Controller was - 5, sum = 0.214414478556, [0.0461639713617105, 0.03777052202321768, 0.030903154382632643, 0.03777052202321768, 0.030903154382632643, 0.030903154382632643]
Iteration 33, best error = 382.251033869
Error this episode 382.351302
Error this episode 382.253120
Controller was - 0, sum = 0.20979808142, [0.04154757422553945, 0.03777052202321768, 0.030903154382632643, 0.03777052202321768, 0.030903154382632643, 0.030903154382632643]
Error this episode 382.350365
Error this episode 382.347268
Controller was - 1, sum = 0.206021029218, [0.04154757422553945, 0.03399346982089591, 0.030903154382632643, 0.03777052202321768, 0.030903154382632643, 0.030903154382632643]
Error this episode 382.472784
Error this episode 382.266833
Controller was - 2, sum = 0.202930713779, [0.04154757422553945, 0.03399346982089591, 0.02781283894436938, 0.03777052202321768, 0.030903154382632643, 0.030903154382632643]
Error this episode 382.252413
Error this episode 382.288392
Controller was - 3, sum = 0.199153661577, [0.04154757422553945, 0.03399346982089591, 0.02781283894436938, 0.03399346982089591, 0.030903154382632643, 0.030903154382632643]
Error this episode 382.265191
Error this episode 382.276686
Controller was - 4, sum = 0.196063346139, [0.04154757422553945, 0.03399346982089591, 0.02781283894436938, 0.03399346982089591, 0.02781283894436938, 0.030903154382632643]
Error this episode 382.476811
Error this episode 382.293958
Controller was - 5, sum = 0.1929730307, [0.04154757422553945, 0.03399346982089591, 0.02781283894436938, 0.03399346982089591, 0.02781283894436938, 0.02781283894436938]
dp-[0.04154757422553945, 0.03399346982089591, 0.02781283894436938, 0.03399346982089591, 0.02781283894436938, 0.02781283894436938]
===== DONE =====
[98.01000000000003, -0.4304672100000002, 0.0, 49.468559, 0.0, 0.0]
